<?xml version="1.0" encoding="UTF-8"?>
<testsuite name="org.example.JsonParserTest" tests="1" skipped="0" failures="0" errors="0" timestamp="2024-10-30T07:35:57" hostname="vali-it-4" time="0.018">
  <properties/>
  <testcase name="doubleNumber()" classname="org.example.JsonParserTest" time="0.018"/>
  <system-out><![CDATA[]]></system-out>
  <system-err><![CDATA[]]></system-err>
</testsuite>
